<?xml version="1.0" encoding="UTF-8"?>
<!-- Generated by org.testng.reporters.JUnitReportReporter -->
<testsuite hostname="DESKTOP-OUQVEN2" failures="0" tests="1" name="tests.RegistrationTest" time="50.703" errors="0" timestamp="2022-11-26T03:10:10 MST" skipped="0">
  <testcase classname="tests.RegistrationTest" name="register" time="50.703"/>
  <system-out/>
</testsuite> <!-- tests.RegistrationTest -->
