<?xml version="1.0" encoding="UTF-8"?>
<!-- Generated by org.testng.reporters.JUnitReportReporter -->
<testsuite hostname="DESKTOP-OUQVEN2" failures="0" tests="1" name="tests.HomeTest" time="0.711" errors="0" timestamp="2022-11-21T19:39:03 MST" skipped="0">
  <testcase classname="tests.HomeTest" name="register" time="0.711"/>
  <system-out/>
</testsuite> <!-- tests.HomeTest -->
